Determining if the pthread_create exist failed with the following output:
Change Dir: /home/fabi/programmiersprachen-aufgabenblatt-3/build/CMakeFiles/CMakeTmp

Run Build Command:"/usr/bin/make" "cmTC_8a9cb/fast"
/usr/bin/make -f CMakeFiles/cmTC_8a9cb.dir/build.make CMakeFiles/cmTC_8a9cb.dir/build
make[1]: Verzeichnis „/home/fabi/programmiersprachen-aufgabenblatt-3/build/CMakeFiles/CMakeTmp“ wird betreten
Building C object CMakeFiles/cmTC_8a9cb.dir/CheckSymbolExists.c.o
/usr/bin/cc     -o CMakeFiles/cmTC_8a9cb.dir/CheckSymbolExists.c.o   -c /home/fabi/programmiersprachen-aufgabenblatt-3/build/CMakeFiles/CMakeTmp/CheckSymbolExists.c
Linking C executable cmTC_8a9cb
/usr/bin/cmake -E cmake_link_script CMakeFiles/cmTC_8a9cb.dir/link.txt --verbose=1
/usr/bin/cc       CMakeFiles/cmTC_8a9cb.dir/CheckSymbolExists.c.o  -o cmTC_8a9cb -rdynamic 
CMakeFiles/cmTC_8a9cb.dir/CheckSymbolExists.c.o: In Funktion `main':
CheckSymbolExists.c:(.text+0x16): Nicht definierter Verweis auf `pthread_create'
collect2: error: ld returned 1 exit status
CMakeFiles/cmTC_8a9cb.dir/build.make:97: die Regel für Ziel „cmTC_8a9cb“ scheiterte
make[1]: *** [cmTC_8a9cb] Fehler 1
make[1]: Verzeichnis „/home/fabi/programmiersprachen-aufgabenblatt-3/build/CMakeFiles/CMakeTmp“ wird verlassen
Makefile:126: die Regel für Ziel „cmTC_8a9cb/fast“ scheiterte
make: *** [cmTC_8a9cb/fast] Fehler 2

File /home/fabi/programmiersprachen-aufgabenblatt-3/build/CMakeFiles/CMakeTmp/CheckSymbolExists.c:
/* */
#include <pthread.h>

int main(int argc, char** argv)
{
  (void)argv;
#ifndef pthread_create
  return ((int*)(&pthread_create))[argc];
#else
  (void)argc;
  return 0;
#endif
}

Determining if the function pthread_create exists in the pthreads failed with the following output:
Change Dir: /home/fabi/programmiersprachen-aufgabenblatt-3/build/CMakeFiles/CMakeTmp

Run Build Command:"/usr/bin/make" "cmTC_fd77e/fast"
/usr/bin/make -f CMakeFiles/cmTC_fd77e.dir/build.make CMakeFiles/cmTC_fd77e.dir/build
make[1]: Verzeichnis „/home/fabi/programmiersprachen-aufgabenblatt-3/build/CMakeFiles/CMakeTmp“ wird betreten
Building C object CMakeFiles/cmTC_fd77e.dir/CheckFunctionExists.c.o
/usr/bin/cc    -DCHECK_FUNCTION_EXISTS=pthread_create   -o CMakeFiles/cmTC_fd77e.dir/CheckFunctionExists.c.o   -c /usr/share/cmake-3.5/Modules/CheckFunctionExists.c
Linking C executable cmTC_fd77e
/usr/bin/cmake -E cmake_link_script CMakeFiles/cmTC_fd77e.dir/link.txt --verbose=1
/usr/bin/cc   -DCHECK_FUNCTION_EXISTS=pthread_create    CMakeFiles/cmTC_fd77e.dir/CheckFunctionExists.c.o  -o cmTC_fd77e -rdynamic -lpthreads 
/usr/bin/ld: cannot find -lpthreads
collect2: error: ld returned 1 exit status
CMakeFiles/cmTC_fd77e.dir/build.make:97: die Regel für Ziel „cmTC_fd77e“ scheiterte
make[1]: *** [cmTC_fd77e] Fehler 1
make[1]: Verzeichnis „/home/fabi/programmiersprachen-aufgabenblatt-3/build/CMakeFiles/CMakeTmp“ wird verlassen
Makefile:126: die Regel für Ziel „cmTC_fd77e/fast“ scheiterte
make: *** [cmTC_fd77e/fast] Fehler 2


Determining if the function glXGetProcAddressEXT exists failed with the following output:
Change Dir: /home/fabi/programmiersprachen-aufgabenblatt-3/build/CMakeFiles/CMakeTmp

Run Build Command:"/usr/bin/make" "cmTC_06ffb/fast"
/usr/bin/make -f CMakeFiles/cmTC_06ffb.dir/build.make CMakeFiles/cmTC_06ffb.dir/build
make[1]: Verzeichnis „/home/fabi/programmiersprachen-aufgabenblatt-3/build/CMakeFiles/CMakeTmp“ wird betreten
Building C object CMakeFiles/cmTC_06ffb.dir/CheckFunctionExists.c.o
/usr/bin/cc    -DCHECK_FUNCTION_EXISTS=glXGetProcAddressEXT   -o CMakeFiles/cmTC_06ffb.dir/CheckFunctionExists.c.o   -c /usr/share/cmake-3.5/Modules/CheckFunctionExists.c
Linking C executable cmTC_06ffb
/usr/bin/cmake -E cmake_link_script CMakeFiles/cmTC_06ffb.dir/link.txt --verbose=1
/usr/bin/cc   -DCHECK_FUNCTION_EXISTS=glXGetProcAddressEXT    CMakeFiles/cmTC_06ffb.dir/CheckFunctionExists.c.o  -o cmTC_06ffb -rdynamic /usr/lib/x86_64-linux-gnu/libGL.so 
CMakeFiles/cmTC_06ffb.dir/CheckFunctionExists.c.o: In Funktion `main':
CheckFunctionExists.c:(.text+0x15): Nicht definierter Verweis auf `glXGetProcAddressEXT'
collect2: error: ld returned 1 exit status
CMakeFiles/cmTC_06ffb.dir/build.make:98: die Regel für Ziel „cmTC_06ffb“ scheiterte
make[1]: *** [cmTC_06ffb] Fehler 1
make[1]: Verzeichnis „/home/fabi/programmiersprachen-aufgabenblatt-3/build/CMakeFiles/CMakeTmp“ wird verlassen
Makefile:126: die Regel für Ziel „cmTC_06ffb/fast“ scheiterte
make: *** [cmTC_06ffb/fast] Fehler 2


